<?xml version="1.0" encoding="UTF-8"?>
<testsuite xmlns:xsi="http://www.w3.org/2001/XMLSchema-instance" xsi:noNamespaceSchemaLocation="https://maven.apache.org/surefire/maven-surefire-plugin/xsd/surefire-test-report.xsd" name="com.yruns.SpringbootApplicationTests" time="2.412" tests="5" errors="0" skipped="0" failures="0">
  <properties>
[...]
</properties>
  <testcase name="testSelectAll" classname="com.yruns.SpringbootApplicationTests" time="0.064"/>
  <testcase name="testDeleteById" classname="com.yruns.SpringbootApplicationTests" time="0.013"/>
  <testcase name="testInsert" classname="com.yruns.SpringbootApplicationTests" time="0.036"/>
  <testcase name="testSelectById" classname="com.yruns.SpringbootApplicationTests" time="0.038"/>
  <testcase name="testSelectPage" classname="com.yruns.SpringbootApplicationTests" time="0.06"/>
</testsuite>